<?xml version="1.0" encoding="UTF-8"?>
<testng-results skipped="0" failed="0" ignored="0" total="2" passed="2">
  <reporter-output>
  </reporter-output>
  <suite name="Suite" duration-ms="36147" started-at="2020-07-03T12:41:52Z" finished-at="2020-07-03T12:42:28Z">
    <groups>
    </groups>
    <test name="Test" duration-ms="36147" started-at="2020-07-03T12:41:52Z" finished-at="2020-07-03T12:42:28Z">
      <class name="Ebay.test">
        <test-method status="PASS" signature="initialize()[pri:0, instance:Ebay.test@16aa0a0a]" name="initialize" is-config="true" duration-ms="19381" started-at="2020-07-03T12:41:52Z" finished-at="2020-07-03T12:42:11Z">
          <reporter-output>
          </reporter-output>
        </test-method> <!-- initialize -->
        <test-method status="PASS" signature="search_available()[pri:1, instance:Ebay.test@16aa0a0a]" name="search_available" duration-ms="176" started-at="2020-07-03T12:42:11Z" finished-at="2020-07-03T12:42:12Z">
          <reporter-output>
          </reporter-output>
        </test-method> <!-- search_available -->
        <test-method status="PASS" signature="Teardown()[pri:0, instance:Ebay.test@16aa0a0a]" name="Teardown" is-config="true" duration-ms="822" started-at="2020-07-03T12:42:12Z" finished-at="2020-07-03T12:42:12Z">
          <reporter-output>
          </reporter-output>
        </test-method> <!-- Teardown -->
        <test-method status="PASS" signature="initialize()[pri:0, instance:Ebay.test@16aa0a0a]" name="initialize" is-config="true" duration-ms="12450" started-at="2020-07-03T12:42:12Z" finished-at="2020-07-03T12:42:25Z">
          <reporter-output>
          </reporter-output>
        </test-method> <!-- initialize -->
        <test-method status="PASS" signature="Search_text()[pri:2, instance:Ebay.test@16aa0a0a]" name="Search_text" duration-ms="2233" started-at="2020-07-03T12:42:25Z" finished-at="2020-07-03T12:42:27Z">
          <reporter-output>
          </reporter-output>
        </test-method> <!-- Search_text -->
        <test-method status="PASS" signature="Teardown()[pri:0, instance:Ebay.test@16aa0a0a]" name="Teardown" is-config="true" duration-ms="1035" started-at="2020-07-03T12:42:27Z" finished-at="2020-07-03T12:42:28Z">
          <reporter-output>
          </reporter-output>
        </test-method> <!-- Teardown -->
      </class> <!-- Ebay.test -->
    </test> <!-- Test -->
  </suite> <!-- Suite -->
</testng-results>
